<?xml version="1.0" encoding="UTF-8"?>
<Site BuildName="(empty)"
	BuildStamp="20240626-1046-Experimental"
	Name="sique-YogaPro-14s-IRP8D"
	Generator="ctest-3.16.3"
	CompilerName="/usr/lib/ccache/c++"
	CompilerVersion="9.4.0"
	OSName="Linux"
	Hostname="sique-YogaPro-14s-IRP8D"
	OSRelease="5.15.0-107-generic"
	OSVersion="#117~20.04.1-Ubuntu SMP Tue Apr 30 10:35:57 UTC 2024"
	OSPlatform="x86_64"
	Is64Bits="1"
	VendorString="GenuineIntel"
	VendorID="Intel Corporation"
	FamilyID="6"
	ModelID="186"
	ProcessorCacheSize="24576"
	NumberOfLogicalCPU="20"
	NumberOfPhysicalCPU="14"
	TotalVirtualMemory="2047"
	TotalPhysicalMemory="31829"
	LogicalProcessorsPerPhysical="1"
	ProcessorClockFrequency="3776.95"
	>
	<Testing>
		<StartDateTime>Jun 26 21:43 CST</StartDateTime>
		<StartTestTime>1719409438</StartTestTime>
		<TestList/>
		<EndDateTime>Jun 26 21:43 CST</EndDateTime>
		<EndTestTime>1719409438</EndTestTime>
		<ElapsedMinutes>0</ElapsedMinutes>
	</Testing>
</Site>
